Building DAG of jobs...
Using shell: /bin/bash
Provided cores: 1 (use --cores to define parallelism)
Rules claiming more threads will be scaled down.
Job counts:
	count	jobs
	1	all
	1	compare_files
	2

[Sun Oct 18 12:41:53 2020]
rule compare_files:
    input: letters_and_numbers.txt, letters_and_numbers_python.txt
    output: comparison.txt
    jobid: 3

Waiting at most 5 seconds for missing files.
MissingOutputException in line 40 of /home/srao/PycharmProjects/testing_one/Snakefile:
Job completed successfully, but some output files are missing. Missing files after 5 seconds:
comparison.txt
This might be due to filesystem latency. If that is the case, consider to increase the wait time with --latency-wait.
  File "/home/srao/bin/miniconda3/envs/snakemake_env/lib/python3.6/site-packages/snakemake/executors/__init__.py", line 566, in handle_job_success
  File "/home/srao/bin/miniconda3/envs/snakemake_env/lib/python3.6/site-packages/snakemake/executors/__init__.py", line 249, in handle_job_success
Shutting down, this might take some time.
Exiting because a job execution failed. Look above for error message
Complete log: /home/srao/PycharmProjects/testing_one/.snakemake/log/2020-10-18T124153.717190.snakemake.log
