Building DAG of jobs...
Using shell: /bin/bash
Provided cores: 1 (use --cores to define parallelism)
Rules claiming more threads will be scaled down.
Job counts:
	count	jobs
	1	all
	1	generate_files
	1	join_files
	3

[Sun Oct 18 11:30:02 2020]
rule generate_files:
    input: testing.py
    output: letters.txt, numbers.txt
    jobid: 2

[Sun Oct 18 11:30:02 2020]
Finished job 2.
1 of 3 steps (33%) done

[Sun Oct 18 11:30:02 2020]
rule join_files:
    input: letters.txt, numbers.txt
    output: letters_and_numbers.txt
    jobid: 1

[Sun Oct 18 11:30:02 2020]
Finished job 1.
2 of 3 steps (67%) done

[Sun Oct 18 11:30:02 2020]
localrule all:
    input: letters_and_numbers.txt
    jobid: 0

[Sun Oct 18 11:30:02 2020]
Finished job 0.
3 of 3 steps (100%) done
Complete log: /home/srao/PycharmProjects/testing_one/.snakemake/log/2020-10-18T113002.737147.snakemake.log
