Building DAG of jobs...
Using shell: /bin/bash
Provided cores: 1 (use --cores to define parallelism)
Rules claiming more threads will be scaled down.
Job counts:
	count	jobs
	1	all
	1	compare_files
	1	generate_files
	1	join_files
	1	join_files_with_python
	5

[Wed Oct 28 11:46:52 2020]
rule generate_files:
    input: Snakefile_3rules.smk
    output: letters.txt, numbers.txt
    jobid: 4

[Wed Oct 28 11:46:52 2020]
Finished job 4.
1 of 5 steps (20%) done

[Wed Oct 28 11:46:52 2020]
rule join_files:
    input: letters.txt, numbers.txt
    output: letters_and_numbers.txt
    jobid: 2

[Wed Oct 28 11:46:52 2020]
Finished job 2.
2 of 5 steps (40%) done

[Wed Oct 28 11:46:52 2020]
rule join_files_with_python:
    input: letters.txt, numbers.txt
    output: letters_and_numbers_python.txt
    jobid: 3

[Wed Oct 28 11:46:53 2020]
Finished job 3.
3 of 5 steps (60%) done

[Wed Oct 28 11:46:53 2020]
rule compare_files:
    input: letters_and_numbers.txt, letters_and_numbers_python.txt
    output: comparison.txt
    jobid: 1

[Wed Oct 28 11:46:53 2020]
Finished job 1.
4 of 5 steps (80%) done

[Wed Oct 28 11:46:53 2020]
localrule all:
    input: comparison.txt
    jobid: 0

[Wed Oct 28 11:46:53 2020]
Finished job 0.
5 of 5 steps (100%) done
Complete log: /home/srao/PycharmProjects/snakemake_cc/.snakemake/log/2020-10-28T114652.743921.snakemake.log
