Building DAG of jobs...
Using shell: /bin/bash
Provided cores: 1 (use --cores to define parallelism)
Rules claiming more threads will be scaled down.
Job counts:
	count	jobs
	1	all
	1	join_files_with_python
	2

[Sun Oct 18 12:31:04 2020]
rule join_files_with_python:
    input: letters.txt, numbers.txt
    output: letters_and_numbers_python.txt
    jobid: 2

[Sun Oct 18 12:31:04 2020]
Finished job 2.
1 of 2 steps (50%) done

[Sun Oct 18 12:31:04 2020]
localrule all:
    input: letters_and_numbers.txt, letters_and_numbers_python.txt
    jobid: 0

[Sun Oct 18 12:31:04 2020]
Finished job 0.
2 of 2 steps (100%) done
Complete log: /home/srao/PycharmProjects/testing_one/.snakemake/log/2020-10-18T123103.952665.snakemake.log
