Building DAG of jobs...
Using shell: /bin/bash
Provided cores: 1 (use --cores to define parallelism)
Rules claiming more threads will be scaled down.
Job counts:
	count	jobs
	10	add_num_to_output_file
	1	all
	1	concatenate_all_files
	10	edit_text
	22

[Fri Oct 23 09:30:54 2020]
rule edit_text:
    input: data_files/snakemake_input_8.txt
    output: edited_files/snakemake_output_8.txt
    jobid: 20
    wildcards: num=8

[Fri Oct 23 09:30:54 2020]
Finished job 20.
1 of 22 steps (5%) done

[Fri Oct 23 09:30:54 2020]
rule edit_text:
    input: data_files/snakemake_input_6.txt
    output: edited_files/snakemake_output_6.txt
    jobid: 18
    wildcards: num=6

[Fri Oct 23 09:30:54 2020]
Finished job 18.
2 of 22 steps (9%) done

[Fri Oct 23 09:30:54 2020]
rule edit_text:
    input: data_files/snakemake_input_4.txt
    output: edited_files/snakemake_output_4.txt
    jobid: 16
    wildcards: num=4

[Fri Oct 23 09:30:54 2020]
Finished job 16.
3 of 22 steps (14%) done

[Fri Oct 23 09:30:54 2020]
rule edit_text:
    input: data_files/snakemake_input_2.txt
    output: edited_files/snakemake_output_2.txt
    jobid: 14
    wildcards: num=2

[Fri Oct 23 09:30:54 2020]
Finished job 14.
4 of 22 steps (18%) done

[Fri Oct 23 09:30:55 2020]
rule edit_text:
    input: data_files/snakemake_input_0.txt
    output: edited_files/snakemake_output_0.txt
    jobid: 12
    wildcards: num=0

[Fri Oct 23 09:30:55 2020]
Finished job 12.
5 of 22 steps (23%) done

[Fri Oct 23 09:30:55 2020]
rule add_num_to_output_file:
    input: edited_files/snakemake_output_0.txt
    output: numbered_files/snakemake_output_0.txt
    jobid: 2
    wildcards: num=0

[Fri Oct 23 09:30:55 2020]
Finished job 2.
6 of 22 steps (27%) done

[Fri Oct 23 09:30:55 2020]
rule add_num_to_output_file:
    input: edited_files/snakemake_output_8.txt
    output: numbered_files/snakemake_output_8.txt
    jobid: 10
    wildcards: num=8

[Fri Oct 23 09:30:55 2020]
Finished job 10.
7 of 22 steps (32%) done

[Fri Oct 23 09:30:55 2020]
rule add_num_to_output_file:
    input: edited_files/snakemake_output_6.txt
    output: numbered_files/snakemake_output_6.txt
    jobid: 8
    wildcards: num=6

[Fri Oct 23 09:30:55 2020]
Finished job 8.
8 of 22 steps (36%) done

[Fri Oct 23 09:30:55 2020]
rule add_num_to_output_file:
    input: edited_files/snakemake_output_2.txt
    output: numbered_files/snakemake_output_2.txt
    jobid: 4
    wildcards: num=2

[Fri Oct 23 09:30:55 2020]
Finished job 4.
9 of 22 steps (41%) done

[Fri Oct 23 09:30:55 2020]
rule add_num_to_output_file:
    input: edited_files/snakemake_output_4.txt
    output: numbered_files/snakemake_output_4.txt
    jobid: 6
    wildcards: num=4

[Fri Oct 23 09:30:55 2020]
Finished job 6.
10 of 22 steps (45%) done

[Fri Oct 23 09:30:55 2020]
rule edit_text:
    input: data_files/snakemake_input_9.txt
    output: edited_files/snakemake_output_9.txt
    jobid: 21
    wildcards: num=9

[Fri Oct 23 09:30:55 2020]
Finished job 21.
11 of 22 steps (50%) done

[Fri Oct 23 09:30:55 2020]
rule edit_text:
    input: data_files/snakemake_input_7.txt
    output: edited_files/snakemake_output_7.txt
    jobid: 19
    wildcards: num=7

[Fri Oct 23 09:30:55 2020]
Finished job 19.
12 of 22 steps (55%) done

[Fri Oct 23 09:30:55 2020]
rule edit_text:
    input: data_files/snakemake_input_5.txt
    output: edited_files/snakemake_output_5.txt
    jobid: 17
    wildcards: num=5

[Fri Oct 23 09:30:55 2020]
Finished job 17.
13 of 22 steps (59%) done

[Fri Oct 23 09:30:55 2020]
rule edit_text:
    input: data_files/snakemake_input_3.txt
    output: edited_files/snakemake_output_3.txt
    jobid: 15
    wildcards: num=3

[Fri Oct 23 09:30:55 2020]
Finished job 15.
14 of 22 steps (64%) done

[Fri Oct 23 09:30:55 2020]
rule add_num_to_output_file:
    input: edited_files/snakemake_output_3.txt
    output: numbered_files/snakemake_output_3.txt
    jobid: 5
    wildcards: num=3

[Fri Oct 23 09:30:55 2020]
Finished job 5.
15 of 22 steps (68%) done

[Fri Oct 23 09:30:55 2020]
rule edit_text:
    input: data_files/snakemake_input_1.txt
    output: edited_files/snakemake_output_1.txt
    jobid: 13
    wildcards: num=1

[Fri Oct 23 09:30:55 2020]
Finished job 13.
16 of 22 steps (73%) done

[Fri Oct 23 09:30:55 2020]
rule add_num_to_output_file:
    input: edited_files/snakemake_output_1.txt
    output: numbered_files/snakemake_output_1.txt
    jobid: 3
    wildcards: num=1

[Fri Oct 23 09:30:55 2020]
Finished job 3.
17 of 22 steps (77%) done

[Fri Oct 23 09:30:55 2020]
rule add_num_to_output_file:
    input: edited_files/snakemake_output_9.txt
    output: numbered_files/snakemake_output_9.txt
    jobid: 11
    wildcards: num=9

[Fri Oct 23 09:30:55 2020]
Finished job 11.
18 of 22 steps (82%) done

[Fri Oct 23 09:30:55 2020]
rule add_num_to_output_file:
    input: edited_files/snakemake_output_5.txt
    output: numbered_files/snakemake_output_5.txt
    jobid: 7
    wildcards: num=5

[Fri Oct 23 09:30:55 2020]
Finished job 7.
19 of 22 steps (86%) done

[Fri Oct 23 09:30:55 2020]
rule add_num_to_output_file:
    input: edited_files/snakemake_output_7.txt
    output: numbered_files/snakemake_output_7.txt
    jobid: 9
    wildcards: num=7

[Fri Oct 23 09:30:55 2020]
Finished job 9.
20 of 22 steps (91%) done

[Fri Oct 23 09:30:55 2020]
rule concatenate_all_files:
    input: numbered_files/snakemake_output_0.txt, numbered_files/snakemake_output_1.txt, numbered_files/snakemake_output_2.txt, numbered_files/snakemake_output_3.txt, numbered_files/snakemake_output_4.txt, numbered_files/snakemake_output_5.txt, numbered_files/snakemake_output_6.txt, numbered_files/snakemake_output_7.txt, numbered_files/snakemake_output_8.txt, numbered_files/snakemake_output_9.txt
    output: final_results.txt
    jobid: 1

[Fri Oct 23 09:30:55 2020]
Finished job 1.
21 of 22 steps (95%) done

[Fri Oct 23 09:30:55 2020]
localrule all:
    input: final_results.txt
    jobid: 0

[Fri Oct 23 09:30:55 2020]
Finished job 0.
22 of 22 steps (100%) done
Complete log: /home/srao/PycharmProjects/snakemake_cc/.snakemake/log/2020-10-23T093054.781533.snakemake.log
