Building DAG of jobs...
Using shell: /bin/bash
Provided cores: 1 (use --cores to define parallelism)
Rules claiming more threads will be scaled down.
Job counts:
	count	jobs
	10	add_num_to_output_file
	1	all
	1	concatenate_all_files
	12

[Thu Oct 22 21:03:35 2020]
rule add_num_to_output_file:
    input: edited_files/snakemake_output_3.txt
    output: numbered_files/snakemake_output_3.txt
    jobid: 5
    wildcards: num=3

[Thu Oct 22 21:03:35 2020]
Finished job 5.
1 of 12 steps (8%) done

[Thu Oct 22 21:03:35 2020]
rule add_num_to_output_file:
    input: edited_files/snakemake_output_1.txt
    output: numbered_files/snakemake_output_1.txt
    jobid: 3
    wildcards: num=1

[Thu Oct 22 21:03:35 2020]
Finished job 3.
2 of 12 steps (17%) done

[Thu Oct 22 21:03:35 2020]
rule add_num_to_output_file:
    input: edited_files/snakemake_output_0.txt
    output: numbered_files/snakemake_output_0.txt
    jobid: 2
    wildcards: num=0

[Thu Oct 22 21:03:35 2020]
Finished job 2.
3 of 12 steps (25%) done

[Thu Oct 22 21:03:35 2020]
rule add_num_to_output_file:
    input: edited_files/snakemake_output_8.txt
    output: numbered_files/snakemake_output_8.txt
    jobid: 10
    wildcards: num=8

[Thu Oct 22 21:03:35 2020]
Finished job 10.
4 of 12 steps (33%) done

[Thu Oct 22 21:03:35 2020]
rule add_num_to_output_file:
    input: edited_files/snakemake_output_6.txt
    output: numbered_files/snakemake_output_6.txt
    jobid: 8
    wildcards: num=6

[Thu Oct 22 21:03:35 2020]
Finished job 8.
5 of 12 steps (42%) done

[Thu Oct 22 21:03:35 2020]
rule add_num_to_output_file:
    input: edited_files/snakemake_output_4.txt
    output: numbered_files/snakemake_output_4.txt
    jobid: 6
    wildcards: num=4

[Thu Oct 22 21:03:35 2020]
Finished job 6.
6 of 12 steps (50%) done

[Thu Oct 22 21:03:35 2020]
rule add_num_to_output_file:
    input: edited_files/snakemake_output_2.txt
    output: numbered_files/snakemake_output_2.txt
    jobid: 4
    wildcards: num=2

[Thu Oct 22 21:03:35 2020]
Finished job 4.
7 of 12 steps (58%) done

[Thu Oct 22 21:03:35 2020]
rule add_num_to_output_file:
    input: edited_files/snakemake_output_9.txt
    output: numbered_files/snakemake_output_9.txt
    jobid: 11
    wildcards: num=9

[Thu Oct 22 21:03:35 2020]
Finished job 11.
8 of 12 steps (67%) done

[Thu Oct 22 21:03:35 2020]
rule add_num_to_output_file:
    input: edited_files/snakemake_output_5.txt
    output: numbered_files/snakemake_output_5.txt
    jobid: 7
    wildcards: num=5

[Thu Oct 22 21:03:35 2020]
Finished job 7.
9 of 12 steps (75%) done

[Thu Oct 22 21:03:35 2020]
rule add_num_to_output_file:
    input: edited_files/snakemake_output_7.txt
    output: numbered_files/snakemake_output_7.txt
    jobid: 9
    wildcards: num=7

[Thu Oct 22 21:03:35 2020]
Finished job 9.
10 of 12 steps (83%) done

[Thu Oct 22 21:03:35 2020]
rule concatenate_all_files:
    input: numbered_files/snakemake_output_0.txt, numbered_files/snakemake_output_1.txt, numbered_files/snakemake_output_2.txt, numbered_files/snakemake_output_3.txt, numbered_files/snakemake_output_4.txt, numbered_files/snakemake_output_5.txt, numbered_files/snakemake_output_6.txt, numbered_files/snakemake_output_7.txt, numbered_files/snakemake_output_8.txt, numbered_files/snakemake_output_9.txt
    output: final_results.txt
    jobid: 1

Waiting at most 5 seconds for missing files.
MissingOutputException in line 36 of /home/srao/PycharmProjects/snakemake_cc/Snakefile_wildcards_solution.smk:
Job completed successfully, but some output files are missing. Missing files after 5 seconds:
final_results.txt
This might be due to filesystem latency. If that is the case, consider to increase the wait time with --latency-wait.
  File "/home/srao/bin/miniconda3/envs/snakemake_env/lib/python3.6/site-packages/snakemake/executors/__init__.py", line 566, in handle_job_success
  File "/home/srao/bin/miniconda3/envs/snakemake_env/lib/python3.6/site-packages/snakemake/executors/__init__.py", line 249, in handle_job_success
Shutting down, this might take some time.
Exiting because a job execution failed. Look above for error message
Complete log: /home/srao/PycharmProjects/snakemake_cc/.snakemake/log/2020-10-22T210335.495747.snakemake.log
