Building DAG of jobs...
Using shell: /bin/bash
Provided cores: 1 (use --cores to define parallelism)
Rules claiming more threads will be scaled down.
Job counts:
	count	jobs
	1	all
	1	generate_files
	1	join_files
	1	join_files_with_python
	4

[Sun Oct 18 12:24:04 2020]
rule generate_files:
    input: testing.py
    output: letters.txt, numbers.txt
    jobid: 3

[Sun Oct 18 12:24:04 2020]
Finished job 3.
1 of 4 steps (25%) done

[Sun Oct 18 12:24:04 2020]
rule join_files:
    input: letters.txt, numbers.txt
    output: letters_and_numbers.txt
    jobid: 1

[Sun Oct 18 12:24:04 2020]
Finished job 1.
2 of 4 steps (50%) done

[Sun Oct 18 12:24:04 2020]
rule join_files_with_python:
    input: letters.txt, numbers.txt
    output: letters_and_numbers_python.txt
    jobid: 2

Shutting down, this might take some time.
Exiting because a job execution failed. Look above for error message
Complete log: /home/srao/PycharmProjects/testing_one/.snakemake/log/2020-10-18T122404.280920.snakemake.log
