Building DAG of jobs...
Using shell: /bin/bash
Provided cores: 1 (use --cores to define parallelism)
Rules claiming more threads will be scaled down.
Job counts:
	count	jobs
	1	all
	1	compare_files
	1	join_files
	1	join_files_with_python
	4

[Tue Oct 20 20:58:45 2020]
rule join_files:
    input: letters.txt, numbers.txt
    output: letters_and_numbers.txt
    jobid: 1

[Tue Oct 20 20:58:45 2020]
Finished job 1.
1 of 4 steps (25%) done

[Tue Oct 20 20:58:45 2020]
rule join_files_with_python:
    input: letters.txt, numbers.txt
    output: letters_and_numbers_python.txt
    jobid: 2

[Tue Oct 20 20:58:45 2020]
Finished job 2.
2 of 4 steps (50%) done

[Tue Oct 20 20:58:45 2020]
rule compare_files:
    input: letters_and_numbers.txt, letters_and_numbers_python.txt
    output: comparison.txt
    jobid: 3

[Tue Oct 20 20:58:45 2020]
Finished job 3.
3 of 4 steps (75%) done

[Tue Oct 20 20:58:45 2020]
localrule all:
    input: letters_and_numbers.txt, letters_and_numbers_python.txt, comparison.txt
    jobid: 0

[Tue Oct 20 20:58:45 2020]
Finished job 0.
4 of 4 steps (100%) done
Complete log: /home/srao/PycharmProjects/testing_one/.snakemake/log/2020-10-20T205845.088644.snakemake.log
