Building DAG of jobs...
Using shell: /bin/bash
Provided cores: 1 (use --cores to define parallelism)
Rules claiming more threads will be scaled down.
Job counts:
	count	jobs
	1	generate_data_files
	1

[Fri Oct 23 09:27:12 2020]
rule generate_data_files:
    input: Snakefile
    output: data_files/snakemake_input_0.txt, data_files/snakemake_input_1.txt, data_files/snakemake_input_2.txt, data_files/snakemake_input_3.txt, data_files/snakemake_input_4.txt, data_files/snakemake_input_5.txt, data_files/snakemake_input_6.txt, data_files/snakemake_input_7.txt, data_files/snakemake_input_8.txt, data_files/snakemake_input_9.txt
    jobid: 0

RuleException in line 54 of /home/srao/PycharmProjects/snakemake_cc/Snakefile:
NameError: The name 'num' is unknown in this context. Please make sure that you defined that variable. Also note that braces not used for variable access have to be escaped by repeating them, i.e. {{print $1}}
  File "/home/srao/bin/miniconda3/envs/snakemake_env/lib/python3.6/site-packages/snakemake/executors/__init__.py", line 133, in run_jobs
  File "/home/srao/bin/miniconda3/envs/snakemake_env/lib/python3.6/site-packages/snakemake/executors/__init__.py", line 424, in run
  File "/home/srao/bin/miniconda3/envs/snakemake_env/lib/python3.6/site-packages/snakemake/executors/__init__.py", line 221, in _run
  File "/home/srao/bin/miniconda3/envs/snakemake_env/lib/python3.6/site-packages/snakemake/executors/__init__.py", line 149, in _run
  File "/home/srao/bin/miniconda3/envs/snakemake_env/lib/python3.6/site-packages/snakemake/executors/__init__.py", line 155, in printjob
